26-06-14 14:49:50.548 [background-preinit] INFO  o.h.validator.internal.util.Version - HV000001: Hibernate Validator 8.0.3.Final 
26-06-14 14:49:50.597 [main] INFO  c.n.O.OrderSystemApplication - Starting OrderSystemApplication using Java 17.0.19 with PID 32706 (/home/priyanshu-rathi/Desktop/orderSystem/userService/target/classes started by priyanshu-rathi in /home/priyanshu-rathi/Desktop/orderSystem/userService) 
26-06-14 14:49:50.598 [main] INFO  c.n.O.OrderSystemApplication - No active profile set, falling back to 1 default profile: "default" 
26-06-14 14:49:51.218 [main] INFO  o.s.d.r.c.RepositoryConfigurationDelegate - Bootstrapping Spring Data MongoDB repositories in DEFAULT mode. 
26-06-14 14:49:51.329 [main] INFO  o.s.d.r.c.RepositoryConfigurationDelegate - Finished Spring Data repository scanning in 104 ms. Found 1 MongoDB repository interface. 
26-06-14 14:49:51.539 [main] INFO  o.s.cloud.context.scope.GenericScope - BeanFactory id=58bb0bc1-85cb-34ba-b794-2e908c0fb5e1 
26-06-14 14:49:51.784 [main] INFO  o.s.b.w.e.tomcat.TomcatWebServer - Tomcat initialized with port 8081 (http) 
26-06-14 14:49:51.793 [main] INFO  o.a.coyote.http11.Http11NioProtocol - Initializing ProtocolHandler ["http-nio-8081"] 
26-06-14 14:49:51.795 [main] INFO  o.a.catalina.core.StandardService - Starting service [Tomcat] 
26-06-14 14:49:51.795 [main] INFO  o.a.catalina.core.StandardEngine - Starting Servlet engine: [Apache Tomcat/10.1.54] 
26-06-14 14:49:51.838 [main] INFO  o.a.c.c.C.[Tomcat].[localhost].[/] - Initializing Spring embedded WebApplicationContext 
26-06-14 14:49:51.839 [main] INFO  o.s.b.w.s.c.ServletWebServerApplicationContext - Root WebApplicationContext: initialization completed in 1206 ms 
26-06-14 14:49:52.049 [main] INFO  org.mongodb.driver.client - MongoClient with metadata {"application": {"name": "orderSystem"}, "driver": {"name": "mongo-java-driver|sync|spring-boot", "version": "5.5.2"}, "os": {"type": "Linux", "name": "Linux", "architecture": "amd64", "version": "6.17.0-35-generic"}, "platform": "Java/Ubuntu/17.0.19+10-1-24.04.2-Ubuntu"} created with settings MongoClientSettings{readPreference=primary, writeConcern=WriteConcern{w=null, wTimeout=null ms, journal=null}, retryWrites=true, retryReads=true, readConcern=ReadConcern{level=null}, credential=MongoCredential{mechanism=null, userName='rathipreet28', source='admin', password=<hidden>, mechanismProperties=<hidden>}, transportSettings=null, commandListeners=[], codecRegistry=ProvidersCodecRegistry{codecProviders=[ValueCodecProvider{}, BsonValueCodecProvider{}, DBRefCodecProvider{}, DBObjectCodecProvider{}, DocumentCodecProvider{}, CollectionCodecProvider{}, IterableCodecProvider{}, MapCodecProvider{}, GeoJsonCodecProvider{}, GridFSFileCodecProvider{}, Jsr310CodecProvider{}, JsonObjectCodecProvider{}, BsonCodecProvider{}, EnumCodecProvider{}, com.mongodb.client.model.mql.ExpressionCodecProvider@3f0ce0d1, com.mongodb.Jep395RecordCodecProvider@664db2ca, com.mongodb.KotlinCodecProvider@1491cd6c]}, loggerSettings=LoggerSettings{maxDocumentLength=1000}, clusterSettings={hosts=[127.0.0.1:27017], srvHost=ordersystem.helnuuf.mongodb.net, srvServiceName=mongodb, mode=MULTIPLE, requiredClusterType=REPLICA_SET, requiredReplicaSetName='atlas-zs5fgq-shard-0', serverSelector='null', clusterListeners='[]', serverSelectionTimeout='30000 ms', localThreshold='15 ms'}, socketSettings=SocketSettings{connectTimeoutMS=10000, readTimeoutMS=0, receiveBufferSize=0, proxySettings=ProxySettings{host=null, port=null, username=null, password=null}}, heartbeatSocketSettings=SocketSettings{connectTimeoutMS=10000, readTimeoutMS=10000, receiveBufferSize=0, proxySettings=ProxySettings{host=null, port=null, username=null, password=null}}, connectionPoolSettings=ConnectionPoolSettings{maxSize=100, minSize=0, maxWaitTimeMS=120000, maxConnectionLifeTimeMS=0, maxConnectionIdleTimeMS=0, maintenanceInitialDelayMS=0, maintenanceFrequencyMS=60000, connectionPoolListeners=[], maxConnecting=2}, serverSettings=ServerSettings{heartbeatFrequencyMS=10000, minHeartbeatFrequencyMS=500, serverMonitoringMode=AUTO, serverListeners='[]', serverMonitorListeners='[]'}, sslSettings=SslSettings{enabled=true, invalidHostNameAllowed=false, context=null}, applicationName='orderSystem', compressorList=[], uuidRepresentation=JAVA_LEGACY, serverApi=null, autoEncryptionSettings=null, dnsClient=null, inetAddressResolver=null, contextProvider=null, timeoutMS=null} 
26-06-14 14:49:52.174 [cluster-ClusterId{value='6a2e7237d20ebe5f8cf1eb07', description='orderSystem'}-srv-ordersystem.helnuuf.mongodb.net] INFO  org.mongodb.driver.cluster - Adding discovered server ac-mjuisua-shard-00-00.helnuuf.mongodb.net:27017 to client view of cluster 
26-06-14 14:49:52.192 [cluster-ClusterId{value='6a2e7237d20ebe5f8cf1eb07', description='orderSystem'}-srv-ordersystem.helnuuf.mongodb.net] INFO  org.mongodb.driver.cluster - Adding discovered server ac-mjuisua-shard-00-01.helnuuf.mongodb.net:27017 to client view of cluster 
26-06-14 14:49:52.194 [cluster-ClusterId{value='6a2e7237d20ebe5f8cf1eb07', description='orderSystem'}-srv-ordersystem.helnuuf.mongodb.net] INFO  org.mongodb.driver.cluster - Adding discovered server ac-mjuisua-shard-00-02.helnuuf.mongodb.net:27017 to client view of cluster 
26-06-14 14:49:52.257 [main] INFO  org.mongodb.driver.cluster - Waiting for server to become available for operation with ID 5. Remaining time: 29992 ms. Selector: WritableServerSelector, topology description: {type=REPLICA_SET, servers=[{address=ac-mjuisua-shard-00-00.helnuuf.mongodb.net:27017, type=UNKNOWN, state=CONNECTING}, {address=ac-mjuisua-shard-00-01.helnuuf.mongodb.net:27017, type=UNKNOWN, state=CONNECTING}, {address=ac-mjuisua-shard-00-02.helnuuf.mongodb.net:27017, type=UNKNOWN, state=CONNECTING}]. 
26-06-14 14:49:57.768 [cluster-ClusterId{value='6a2e7237d20ebe5f8cf1eb07', description='orderSystem'}-ac-mjuisua-shard-00-01.helnuuf.mongodb.net:27017] INFO  org.mongodb.driver.cluster - Monitor thread successfully connected to server with description ServerDescription{address=ac-mjuisua-shard-00-01.helnuuf.mongodb.net:27017, type=REPLICA_SET_PRIMARY, cryptd=false, state=CONNECTED, ok=true, minWireVersion=0, maxWireVersion=25, maxDocumentSize=16777216, logicalSessionTimeoutMinutes=30, roundTripTimeNanos=265359870, minRoundTripTimeNanos=0, setName='atlas-zs5fgq-shard-0', canonicalAddress=ac-mjuisua-shard-00-01.helnuuf.mongodb.net:27017, hosts=[ac-mjuisua-shard-00-00.helnuuf.mongodb.net:27017, ac-mjuisua-shard-00-01.helnuuf.mongodb.net:27017, ac-mjuisua-shard-00-02.helnuuf.mongodb.net:27017], passives=[], arbiters=[], primary='ac-mjuisua-shard-00-01.helnuuf.mongodb.net:27017', tagSet=TagSet{[Tag{name='availabilityZone', value='aps1-az3'}, Tag{name='cacheState', value='READY'}, Tag{name='diskState', value='READY'}, Tag{name='nodeType', value='ELECTABLE'}, Tag{name='provider', value='AWS'}, Tag{name='region', value='AP_SOUTH_1'}, Tag{name='workloadType', value='OPERATIONAL'}]}, electionId=7fffffff00000000000002a3, setVersion=247, topologyVersion=TopologyVersion{processId=6a2a1a03b2fb1795893a4657, counter=6}, lastWriteDate=Sun Jun 14 14:49:57 IST 2026, lastUpdateTimeNanos=15660456240732} 
26-06-14 14:49:57.768 [cluster-ClusterId{value='6a2e7237d20ebe5f8cf1eb07', description='orderSystem'}-ac-mjuisua-shard-00-00.helnuuf.mongodb.net:27017] INFO  org.mongodb.driver.cluster - Monitor thread successfully connected to server with description ServerDescription{address=ac-mjuisua-shard-00-00.helnuuf.mongodb.net:27017, type=REPLICA_SET_SECONDARY, cryptd=false, state=CONNECTED, ok=true, minWireVersion=0, maxWireVersion=25, maxDocumentSize=16777216, logicalSessionTimeoutMinutes=30, roundTripTimeNanos=260128548, minRoundTripTimeNanos=0, setName='atlas-zs5fgq-shard-0', canonicalAddress=ac-mjuisua-shard-00-00.helnuuf.mongodb.net:27017, hosts=[ac-mjuisua-shard-00-00.helnuuf.mongodb.net:27017, ac-mjuisua-shard-00-01.helnuuf.mongodb.net:27017, ac-mjuisua-shard-00-02.helnuuf.mongodb.net:27017], passives=[], arbiters=[], primary='ac-mjuisua-shard-00-01.helnuuf.mongodb.net:27017', tagSet=TagSet{[Tag{name='availabilityZone', value='aps1-az1'}, Tag{name='cacheState', value='READY'}, Tag{name='diskState', value='READY'}, Tag{name='nodeType', value='ELECTABLE'}, Tag{name='provider', value='AWS'}, Tag{name='region', value='AP_SOUTH_1'}, Tag{name='workloadType', value='OPERATIONAL'}]}, electionId=null, setVersion=247, topologyVersion=TopologyVersion{processId=6a2a19a9c03e190b320d3b37, counter=4}, lastWriteDate=Sun Jun 14 14:49:57 IST 2026, lastUpdateTimeNanos=15660456240752} 
26-06-14 14:49:57.772 [cluster-ClusterId{value='6a2e7237d20ebe5f8cf1eb07', description='orderSystem'}-ac-mjuisua-shard-00-01.helnuuf.mongodb.net:27017] INFO  org.mongodb.driver.cluster - Discovered replica set primary ac-mjuisua-shard-00-01.helnuuf.mongodb.net:27017 with max election id 7fffffff00000000000002a3 and max set version 247 
26-06-14 14:49:58.583 [main] INFO  o.s.s.c.a.a.c.InitializeUserDetailsBeanManagerConfigurer$InitializeUserDetailsManagerConfigurer - Global AuthenticationManager configured with UserDetailsService bean with name userDetailServiceImpl 
26-06-14 14:49:59.048 [main] INFO  o.s.c.n.e.c.DiscoveryClientOptionalArgsConfiguration - Eureka HTTP Client uses RestTemplate. 
26-06-14 14:49:59.082 [main] WARN  o.s.c.l.c.LoadBalancerCacheAutoConfiguration$LoadBalancerCaffeineWarnLogger - Spring Cloud LoadBalancer is currently working with the default cache. While this cache implementation is useful for development and tests, it's recommended to use Caffeine cache in production.You can switch to using Caffeine cache, by adding it and org.springframework.cache.caffeine.CaffeineCacheManager to the classpath. 
26-06-14 14:49:59.100 [main] INFO  o.s.c.n.eureka.InstanceInfoFactory - Setting initial instance status as: STARTING 
26-06-14 14:49:59.119 [main] INFO  c.netflix.discovery.DiscoveryClient - Initializing Eureka in region us-east-1 
26-06-14 14:49:59.121 [main] INFO  c.n.d.s.r.aws.ConfigClusterResolver - Resolving eureka endpoints via configuration 
26-06-14 14:49:59.127 [main] INFO  c.netflix.discovery.DiscoveryClient - Disable delta property : false 
26-06-14 14:49:59.128 [main] INFO  c.netflix.discovery.DiscoveryClient - Single vip registry refresh property : null 
26-06-14 14:49:59.128 [main] INFO  c.netflix.discovery.DiscoveryClient - Force full registry fetch : false 
26-06-14 14:49:59.128 [main] INFO  c.netflix.discovery.DiscoveryClient - Application is null : false 
26-06-14 14:49:59.128 [main] INFO  c.netflix.discovery.DiscoveryClient - Registered Applications size is zero : true 
26-06-14 14:49:59.128 [main] INFO  c.netflix.discovery.DiscoveryClient - Application version is -1: true 
26-06-14 14:49:59.128 [main] INFO  c.netflix.discovery.DiscoveryClient - Getting all instance registry info from the eureka server 
26-06-14 14:49:59.410 [main] INFO  c.netflix.discovery.DiscoveryClient - The response status is 200 
26-06-14 14:49:59.412 [main] INFO  c.netflix.discovery.DiscoveryClient - Starting heartbeat executor: renew interval is: 30 
26-06-14 14:49:59.414 [main] INFO  c.n.discovery.InstanceInfoReplicator - InstanceInfoReplicator onDemand update allowed rate per min is 4 
26-06-14 14:49:59.415 [main] INFO  c.netflix.discovery.DiscoveryClient - Discovery Client initialized at timestamp 1781428799414 with initial instances count: 1 
26-06-14 14:49:59.418 [main] INFO  o.s.c.n.e.s.EurekaServiceRegistry - Registering application USER-SERVICE with eureka with status UP 
26-06-14 14:49:59.419 [main] INFO  c.netflix.discovery.DiscoveryClient - Saw local status change event StatusChangeEvent [timestamp=1781428799419, current=UP, previous=STARTING] 
26-06-14 14:49:59.420 [main] INFO  o.a.coyote.http11.Http11NioProtocol - Starting ProtocolHandler ["http-nio-8081"] 
26-06-14 14:49:59.420 [DiscoveryClient-InstanceInfoReplicator-%d] INFO  c.netflix.discovery.DiscoveryClient - DiscoveryClient_USER-SERVICE/10.122.92.252:USER-SERVICE:8081: registering service... 
26-06-14 14:49:59.434 [main] INFO  o.s.b.w.e.tomcat.TomcatWebServer - Tomcat started on port 8081 (http) with context path '/' 
26-06-14 14:49:59.435 [main] INFO  o.s.c.n.e.s.EurekaAutoServiceRegistration - Updating port to 8081 
26-06-14 14:49:59.451 [main] INFO  c.n.O.OrderSystemApplication - Started OrderSystemApplication in 9.385 seconds (process running for 10.103) 
26-06-14 14:49:59.469 [DiscoveryClient-InstanceInfoReplicator-%d] INFO  c.netflix.discovery.DiscoveryClient - DiscoveryClient_USER-SERVICE/10.122.92.252:USER-SERVICE:8081 - registration status: 204 
